{"message":"Schedule ID or company ID missing","timestamp":"2025-02-13T10:22:26.502Z"}
{"message":"Schedule ID or company ID missing","timestamp":"2025-02-13T10:46:12.531Z"}
{"message":"Please provide all required fields","timestamp":"2025-02-13T10:50:04.791Z"}
{"message":"Please provide all required fields","timestamp":"2025-02-13T10:56:43.715Z"}
{"message":"Please provide all required fields","timestamp":"2025-02-13T10:57:41.803Z"}
{"message":"Please provide all required fields","timestamp":"2025-02-13T10:58:04.446Z"}
{"message":"TokenExpiredError: jwt expired","timestamp":"2025-02-13T11:03:19.231Z"}
{"message":"Please provide all required fields","timestamp":"2025-02-13T11:07:59.487Z"}
{"message":"Please provide all required fields","timestamp":"2025-02-13T11:08:20.562Z"}
{"message":"Please provide all required fields","timestamp":"2025-02-13T11:09:55.320Z"}
{"message":"Please provide all required fields","timestamp":"2025-02-13T11:10:21.705Z"}
{"message":"Please provide all required fields","timestamp":"2025-02-13T11:10:37.086Z"}
{"message":"TokenExpiredError: jwt expired","timestamp":"2025-02-13T11:11:53.054Z"}
{"message":"TokenExpiredError: jwt expired","timestamp":"2025-02-13T11:11:59.872Z"}
{"message":"TokenExpiredError: jwt expired","timestamp":"2025-02-13T11:12:10.217Z"}
{"message":"TokenExpiredError: jwt expired","timestamp":"2025-02-13T11:12:41.215Z"}
{"message":"TokenExpiredError: jwt expired","timestamp":"2025-02-13T11:14:32.440Z"}
{"message":"TokenExpiredError: jwt expired","timestamp":"2025-02-13T11:14:37.238Z"}
{"message":"TokenExpiredError: jwt expired","timestamp":"2025-02-13T11:14:39.837Z"}
{"message":"Schedule not found","timestamp":"2025-02-13T11:16:02.377Z"}
{"message":"Schedule not found","timestamp":"2025-02-13T11:16:20.309Z"}
{"message":"Schedule not found","timestamp":"2025-02-13T11:17:51.515Z"}
{"message":"Please provide all required fields","timestamp":"2025-02-13T11:19:49.297Z"}
{"message":"start and end time must be equal","timestamp":"2025-02-13T11:36:07.461Z"}
{"message":"Schedule not found","timestamp":"2025-02-13T12:46:14.297Z"}
{"message":"Schedule not found","timestamp":"2025-02-13T12:46:29.115Z"}
{"message":"Schedule not found","timestamp":"2025-02-13T12:46:37.224Z"}
